2025-02-08 17:08:08,233 - DonutOCR - INFO - Inisialisasi DonutOCR...
2025-02-08 17:08:23,724 - DonutOCR - ERROR - Gagal inisialisasi model: (MaxRetryError('HTTPSConnectionPool(host=\'cdn-lfs.hf.co\', port=443): Max retries exceeded with url: /repos/77/af/77af31d77939fac52b6c52e757b75a4caf3dffafb74415f2efd29b4965bf4ffb/cb9e3dce4c326195d08fc3dd0f7e2eee1da8595c847bf4c1a9c78b7a82d47e2d?response-content-disposition=inline%3B+filename*%3DUTF-8%27%27sentencepiece.bpe.model%3B+filename%3D%22sentencepiece.bpe.model%22%3B&Expires=1739012891&Policy=eyJTdGF0ZW1lbnQiOlt7IkNvbmRpdGlvbiI6eyJEYXRlTGVzc1RoYW4iOnsiQVdTOkVwb2NoVGltZSI6MTczOTAxMjg5MX19LCJSZXNvdXJjZSI6Imh0dHBzOi8vY2RuLWxmcy5oZi5jby9yZXBvcy83Ny9hZi83N2FmMzFkNzc5MzlmYWM1MmI2YzUyZTc1N2I3NWE0Y2FmM2RmZmFmYjc0NDE1ZjJlZmQyOWI0OTY1YmY0ZmZiL2NiOWUzZGNlNGMzMjYxOTVkMDhmYzNkZDBmN2UyZWVlMWRhODU5NWM4NDdiZjRjMWE5Yzc4YjdhODJkNDdlMmQ~cmVzcG9uc2UtY29udGVudC1kaXNwb3NpdGlvbj0qIn1dfQ__&Signature=Bjm~aSMaCnm8LPXb9UX41TYUs-oskIiYptMo7LYuuRDbjSDk6dJQWYBYP9x5VUwZ6ay8Ek1unqFgSsxnGheoYBk3zDQE8DRMxv0nqMk-Pd4vIB3avG3YW3Gz19xRgmQMR9o-5hA2b90VduSqRpsogfXPyta~GN0yrzZajgHcVx3FcobC1TyjXvGMb0U-iZgVQz4m348Fvy-Is9GtKPPhl0JG51rsFth7Fc215Uoyt~CjkghmO3VDzxucEG63Ai5229Z8d4EQhWAi01Px~JQN0ocJjBTJwKGg8ZzTLMjQM5xoDiGQb60tfg1dF4fXsgu~cWiUE709b-JDnkh~Qr9O5A__&Key-Pair-Id=K3RPWS32NSSJCE (Caused by NameResolutionError("<urllib3.connection.HTTPSConnection object at 0x0000026150A0A670>: Failed to resolve \'cdn-lfs.hf.co\' ([Errno 11001] getaddrinfo failed)"))'), '(Request ID: 2d3bdf4b-bb4f-4ecc-a6ac-972f3d55c21d)')
2025-02-08 17:15:17,862 - DonutOCR - INFO - Inisialisasi DonutOCR...
2025-02-08 17:20:36,600 - DonutOCR - INFO - Model berhasil diload pada cpu
2025-02-08 17:20:54,140 - DonutOCR - INFO - Inisialisasi DonutOCR...
2025-02-08 17:21:16,032 - DonutOCR - INFO - Model berhasil diload pada cpu
2025-02-08 17:21:25,128 - DonutOCR - INFO - Inisialisasi DonutOCR...
2025-02-08 17:21:47,155 - DonutOCR - INFO - Model berhasil diload pada cpu
2025-02-08 17:21:47,258 - DonutOCR - INFO - Gambar berhasil dibuka.
2025-02-08 17:21:47,579 - DonutOCR - INFO - Sedang memproses OCR...
2025-02-08 17:22:13,178 - DonutOCR - INFO - Proses OCR selesai.
2025-02-08 17:24:22,019 - DonutOCR - INFO - Inisialisasi DonutOCR...
2025-02-08 17:24:44,594 - DonutOCR - INFO - Model berhasil diload pada cpu
2025-02-08 17:24:54,804 - DonutOCR - INFO - Inisialisasi DonutOCR...
2025-02-08 17:25:16,418 - DonutOCR - INFO - Model berhasil diload pada cpu
2025-02-08 17:25:26,601 - DonutOCR - INFO - Inisialisasi DonutOCR...
2025-02-08 17:25:48,331 - DonutOCR - INFO - Model berhasil diload pada cpu
2025-02-08 17:25:48,378 - DonutOCR - INFO - Gambar berhasil dibuka.
2025-02-08 17:25:48,699 - DonutOCR - INFO - Sedang memproses OCR...
2025-02-08 17:26:36,138 - DonutOCR - INFO - Proses OCR selesai.
