2025-02-15 16:32:07,181 - DonutOCR - INFO - Inisialisasi DonutOCR...
2025-02-15 16:32:59,550 - DonutOCR - INFO - Model berhasil diload pada cpu
2025-02-15 16:33:35,772 - DonutOCR - INFO - Inisialisasi DonutOCR...
2025-02-15 16:33:56,519 - DonutOCR - INFO - Model berhasil diload pada cpu
2025-02-15 16:34:02,679 - DonutOCR - INFO - Inisialisasi DonutOCR...
2025-02-15 16:34:25,135 - DonutOCR - INFO - Model berhasil diload pada cpu
2025-02-15 16:34:25,296 - DonutOCR - INFO - Gambar berhasil dibuka.
2025-02-15 16:34:26,170 - DonutOCR - INFO - Sedang memproses OCR...
2025-02-15 16:34:55,736 - DonutOCR - INFO - Proses OCR selesai.
2025-02-15 16:43:55,511 - DonutOCR - INFO - Inisialisasi DonutOCR...
2025-02-15 16:44:19,218 - DonutOCR - INFO - Model berhasil diload pada cpu
2025-02-15 16:44:35,266 - DonutOCR - INFO - Inisialisasi DonutOCR...
2025-02-15 16:44:54,446 - DonutOCR - INFO - Model berhasil diload pada cpu
2025-02-15 16:46:00,008 - DonutOCR - INFO - Inisialisasi DonutOCR...
2025-02-15 16:46:24,147 - DonutOCR - INFO - Model berhasil diload pada cpu
2025-02-15 16:46:55,178 - DonutOCR - INFO - Inisialisasi DonutOCR...
2025-02-15 16:47:17,135 - DonutOCR - INFO - Model berhasil diload pada cpu
2025-02-15 16:47:37,487 - DonutOCR - INFO - Inisialisasi DonutOCR...
2025-02-15 16:48:00,448 - DonutOCR - INFO - Model berhasil diload pada cpu
2025-02-15 16:48:00,526 - DonutOCR - INFO - Gambar berhasil dibuka.
2025-02-15 16:48:00,844 - DonutOCR - INFO - Sedang memproses OCR...
2025-02-15 16:48:23,957 - DonutOCR - INFO - Proses OCR selesai.
2025-02-15 16:54:39,219 - DonutOCR - INFO - Inisialisasi DonutOCR...
2025-02-15 16:55:01,568 - DonutOCR - INFO - Model berhasil diload pada cpu
2025-02-15 16:55:11,027 - DonutOCR - INFO - Inisialisasi DonutOCR...
2025-02-15 16:55:30,618 - DonutOCR - INFO - Model berhasil diload pada cpu
2025-02-15 16:55:38,655 - DonutOCR - INFO - Inisialisasi DonutOCR...
2025-02-15 16:56:01,210 - DonutOCR - INFO - Model berhasil diload pada cpu
2025-02-15 16:56:01,291 - DonutOCR - INFO - Gambar berhasil dibuka.
2025-02-15 16:56:01,610 - DonutOCR - INFO - Sedang memproses OCR...
2025-02-15 16:56:25,234 - DonutOCR - INFO - Proses OCR selesai.
2025-02-15 16:59:47,331 - DonutOCR - INFO - Inisialisasi DonutOCR...
2025-02-15 17:00:07,609 - DonutOCR - INFO - Model berhasil diload pada cpu
2025-02-15 17:02:51,368 - DonutOCR - INFO - Inisialisasi DonutOCR...
2025-02-15 17:03:13,169 - DonutOCR - INFO - Model berhasil diload pada cpu
2025-02-15 17:03:20,986 - DonutOCR - INFO - Inisialisasi DonutOCR...
2025-02-15 17:03:42,141 - DonutOCR - INFO - Model berhasil diload pada cpu
2025-02-15 17:03:42,219 - DonutOCR - INFO - Gambar berhasil dibuka.
2025-02-15 17:03:42,494 - DonutOCR - INFO - Sedang memproses OCR...
2025-02-15 17:04:30,465 - DonutOCR - INFO - Proses OCR selesai.
2025-02-15 17:06:16,668 - DonutOCR - INFO - Inisialisasi DonutOCR...
2025-02-15 17:06:39,240 - DonutOCR - INFO - Model berhasil diload pada cpu
2025-02-15 17:06:46,117 - DonutOCR - INFO - Inisialisasi DonutOCR...
2025-02-15 17:07:08,210 - DonutOCR - INFO - Model berhasil diload pada cpu
2025-02-15 17:07:08,281 - DonutOCR - INFO - Gambar berhasil dibuka.
2025-02-15 17:07:08,588 - DonutOCR - INFO - Sedang memproses OCR...
2025-02-15 17:07:32,576 - DonutOCR - INFO - Proses OCR selesai.
2025-02-15 17:08:43,729 - DonutOCR - INFO - Inisialisasi DonutOCR...
2025-02-15 17:09:07,071 - DonutOCR - INFO - Model berhasil diload pada cpu
2025-02-15 17:09:14,614 - DonutOCR - INFO - Inisialisasi DonutOCR...
2025-02-15 17:09:36,768 - DonutOCR - INFO - Model berhasil diload pada cpu
2025-02-15 17:09:49,114 - DonutOCR - INFO - Inisialisasi DonutOCR...
2025-02-15 17:10:11,915 - DonutOCR - INFO - Model berhasil diload pada cpu
2025-02-15 17:10:11,980 - DonutOCR - INFO - Gambar berhasil dibuka.
2025-02-15 17:10:12,264 - DonutOCR - INFO - Sedang memproses OCR...
2025-02-15 17:10:40,985 - DonutOCR - INFO - Proses OCR selesai.
2025-02-15 17:17:56,105 - DonutOCR - INFO - Inisialisasi DonutOCR...
2025-02-15 17:18:20,005 - DonutOCR - INFO - Model berhasil diload pada cpu
2025-02-15 17:18:22,674 - DonutOCR - INFO - Inisialisasi DonutOCR...
2025-02-15 17:18:45,017 - DonutOCR - INFO - Model berhasil diload pada cpu
2025-02-15 17:18:45,104 - DonutOCR - INFO - Gambar berhasil dibuka.
2025-02-15 17:18:45,374 - DonutOCR - INFO - Sedang memproses OCR...
2025-02-15 17:19:06,113 - DonutOCR - INFO - Proses OCR selesai.
